[20Aug2025 00:00:23.088] [Server thread/INFO] [net.minecraft.server.network.ServerGamePacketListenerImpl/]: lol lost connection: Disconnected
[20Aug2025 00:00:23.090] [Server thread/INFO] [net.minecraft.server.MinecraftServer/]: lol left the game
[20Aug2025 00:06:38.497] [Server thread/INFO] [net.minecraft.server.players.PlayerList/]: Morangg[/127.157.203.231:47241] logged in with entity id 129520 at (23.04446222432922, 64.0, 49.86572338616067)
[20Aug2025 00:06:38.503] [Server thread/INFO] [net.minecraft.server.MinecraftServer/]: Morangg joined the game
[20Aug2025 00:07:27.939] [Server thread/ERROR] [VS2 Get Entities Mixin/]: java.lang.Exception: Collision box is too big! AABB[-2.8600312650000006E7, 66.00001645183418, -124.34962392784655] -> [-54.25009376183152, 75.30000001192093, 1.2290055650000006E7] returning empty list! this might break things
[20Aug2025 00:07:41.738] [Server thread/ERROR] [VS2 Get Entities Mixin/]: java.lang.Exception: Collision box is too big! AABB[-2.8600312650000006E7, 75.0, -124.34962040744722] -> [-54.250093784183264, 81.84025287173678, 1.2290055650000006E7] returning empty list! this might break things
[20Aug2025 00:07:46.740] [Server thread/ERROR] [VS2 Get Entities Mixin/]: java.lang.Exception: Collision box is too big! AABB[-2.8600312650000006E7, 73.08911184856892, -124.34962221607566] -> [-54.25009377673268, 75.30000001192093, 1.2290055650000006E7] returning empty list! this might break things
[20Aug2025 00:07:51.740] [Server thread/ERROR] [VS2 Get Entities Mixin/]: java.lang.Exception: Collision box is too big! AABB[-2.8600312650000006E7, 66.00016412081501, -124.35488381236792] -> [-54.244542859494686, 75.30000001192093, 1.2290055650000006E7] returning empty list! this might break things
[20Aug2025 00:12:12.074] [Server thread/WARN] [net.minecraft.server.level.ServerPlayerGameMode/]: Mismatch in destroy block pos: BlockPos{x=-133, y=65, z=-151} BlockPos{x=-132, y=63, z=-153}
[20Aug2025 00:12:12.125] [Server thread/WARN] [net.minecraft.server.level.ServerPlayerGameMode/]: Mismatch in destroy block pos: BlockPos{x=-133, y=65, z=-151} BlockPos{x=-132, y=63, z=-153}
[20Aug2025 00:13:39.403] [Server thread/INFO] [net.minecraft.server.players.PlayerList/]: lol[/127.212.25.2:35255] logged in with entity id 133743 at (-134.78276879280153, 77.0, 7.028075963090706)
[20Aug2025 00:13:39.408] [Server thread/INFO] [net.minecraft.server.MinecraftServer/]: lol joined the game
[20Aug2025 00:15:04.697] [Server thread/WARN] [net.minecraft.server.level.ServerPlayerGameMode/]: Mismatch in destroy block pos: BlockPos{x=-125, y=65, z=-153} BlockPos{x=-126, y=63, z=-153}
[20Aug2025 00:17:55.358] [Server thread/WARN] [net.minecraft.server.level.ServerPlayerGameMode/]: Mismatch in destroy block pos: BlockPos{x=-89, y=75, z=-82} BlockPos{x=-89, y=75, z=-83}
[20Aug2025 00:17:55.408] [Server thread/WARN] [net.minecraft.server.level.ServerPlayerGameMode/]: Mismatch in destroy block pos: BlockPos{x=-89, y=75, z=-82} BlockPos{x=-89, y=75, z=-83}
[20Aug2025 00:17:55.459] [Server thread/WARN] [net.minecraft.server.level.ServerPlayerGameMode/]: Mismatch in destroy block pos: BlockPos{x=-89, y=75, z=-82} BlockPos{x=-89, y=75, z=-83}
[20Aug2025 00:17:55.506] [Server thread/WARN] [net.minecraft.server.level.ServerPlayerGameMode/]: Mismatch in destroy block pos: BlockPos{x=-89, y=75, z=-82} BlockPos{x=-89, y=75, z=-83}
[20Aug2025 00:17:56.009] [Server thread/WARN] [net.minecraft.server.level.ServerPlayerGameMode/]: Mismatch in destroy block pos: BlockPos{x=-87, y=77, z=-84} BlockPos{x=-87, y=76, z=-83}
[20Aug2025 00:18:54.347] [Server thread/WARN] [net.minecraft.server.level.ServerPlayerGameMode/]: Mismatch in destroy block pos: BlockPos{x=-150, y=64, z=-135} BlockPos{x=-151, y=63, z=-135}
[20Aug2025 00:20:33.608] [Server thread/WARN] [net.minecraft.server.level.ServerPlayerGameMode/]: Mismatch in destroy block pos: BlockPos{x=-188, y=64, z=-44} BlockPos{x=-188, y=63, z=-45}
[20Aug2025 00:22:18.964] [Server thread/WARN] [net.minecraft.server.level.ServerPlayerGameMode/]: Mismatch in destroy block pos: BlockPos{x=-166, y=70, z=-36} BlockPos{x=-166, y=69, z=-36}
[20Aug2025 00:22:37.704] [Server thread/WARN] [net.minecraft.server.level.ServerPlayerGameMode/]: Mismatch in destroy block pos: BlockPos{x=-177, y=67, z=-31} BlockPos{x=-178, y=65, z=-31}
[20Aug2025 00:22:38.808] [Server thread/WARN] [net.minecraft.server.level.ServerPlayerGameMode/]: Mismatch in destroy block pos: BlockPos{x=-182, y=65, z=-31} BlockPos{x=-182, y=63, z=-31}
[20Aug2025 00:22:39.104] [Server thread/WARN] [net.minecraft.server.level.ServerPlayerGameMode/]: Mismatch in destroy block pos: BlockPos{x=-183, y=65, z=-32} BlockPos{x=-184, y=63, z=-31}
[20Aug2025 00:23:02.508] [Server thread/WARN] [net.minecraft.server.level.ServerPlayerGameMode/]: Mismatch in destroy block pos: BlockPos{x=-181, y=66, z=-38} BlockPos{x=-181, y=65, z=-39}
[20Aug2025 00:23:02.551] [Server thread/WARN] [net.minecraft.server.level.ServerPlayerGameMode/]: Mismatch in destroy block pos: BlockPos{x=-181, y=66, z=-38} BlockPos{x=-181, y=65, z=-39}
[20Aug2025 00:23:02.600] [Server thread/WARN] [net.minecraft.server.level.ServerPlayerGameMode/]: Mismatch in destroy block pos: BlockPos{x=-181, y=66, z=-38} BlockPos{x=-181, y=65, z=-39}
[20Aug2025 00:25:15.641] [Server thread/INFO] [net.minecraft.server.players.PlayerList/]: Luquita23[/127.217.190.61:43227] logged in with entity id 146146 at (3.5, 66.0, 9.5)
[20Aug2025 00:25:15.646] [Server thread/INFO] [net.minecraft.server.MinecraftServer/]: Luquita23 joined the game
[20Aug2025 00:25:15.648] [Server thread/INFO] [net.minecraft.server.MinecraftServer/]: Luquita23 has made the advancement [Welcome To Jurassic Additions]
[20Aug2025 00:25:59.548] [Server thread/INFO] [net.minecraft.server.MinecraftServer/]: [Not Secure] <lol> [name:"base", x:638, y:86, z:287, dim:minecraft:overworld]
[20Aug2025 00:28:55.844] [Server thread/INFO] [net.minecraft.server.network.ServerGamePacketListenerImpl/]: lol lost connection: Timed out
[20Aug2025 00:28:55.844] [Server thread/INFO] [net.minecraft.server.MinecraftServer/]: lol left the game
[20Aug2025 00:29:21.804] [Server thread/INFO] [net.minecraft.server.players.PlayerList/]: lol[/127.212.25.2:37505] logged in with entity id 148240 at (-25.891154236485246, 75.0, 6.568899554530896)
[20Aug2025 00:29:21.809] [Server thread/INFO] [net.minecraft.server.MinecraftServer/]: lol joined the game
[20Aug2025 00:30:15.999] [Server thread/WARN] [net.minecraft.server.level.ServerPlayerGameMode/]: Mismatch in destroy block pos: BlockPos{x=-67, y=74, z=41} BlockPos{x=-64, y=75, z=39}
[20Aug2025 00:30:16.449] [Server thread/ERROR] [VS2 Get Entities Mixin/]: java.lang.Exception: Collision box is too big! AABB[-2.8600312650000006E7, 66.07596586477455, -125.00772862881422] -> [-53.3807764723897, 75.30000001192093, 1.2290055650000006E7] returning empty list! this might break things
[20Aug2025 00:30:30.305] [Server thread/ERROR] [VS2 Get Entities Mixin/]: java.lang.Exception: Collision box is too big! AABB[-2.8600312650000006E7, 75.0, -125.00351780280471] -> [-53.40588552132249, 77.60558256979883, 1.2290055650000006E7] returning empty list! this might break things
[20Aug2025 00:30:35.354] [Server thread/ERROR] [VS2 Get Entities Mixin/]: java.lang.Exception: Collision box is too big! AABB[-2.8600312650000006E7, 75.0, -123.91786940707807] -> [-49.127981030650645, 77.60598830869121, 1.2290055650000006E7] returning empty list! this might break things
[20Aug2025 00:30:40.401] [Server thread/ERROR] [VS2 Get Entities Mixin/]: java.lang.Exception: Collision box is too big! AABB[-2.8600312650000006E7, 75.0, -115.77145791151713] -> [-40.06089421231453, 77.60111576024752, 1.2290055650000006E7] returning empty list! this might break things
[20Aug2025 00:30:45.455] [Server thread/ERROR] [VS2 Get Entities Mixin/]: java.lang.Exception: Collision box is too big! AABB[-2.8600312650000006E7, 75.0, -103.91693644598126] -> [-34.61992858350277, 77.59244423895142, 1.2290055650000006E7] returning empty list! this might break things
[20Aug2025 00:30:50.505] [Server thread/ERROR] [VS2 Get Entities Mixin/]: java.lang.Exception: Collision box is too big! AABB[-2.8600312650000006E7, 75.0, -100.77385646926942] -> [-28.428538483468657, 77.59037390148004, 1.2290055650000006E7] returning empty list! this might break things
[20Aug2025 00:30:55.538] [Server thread/ERROR] [VS2 Get Entities Mixin/]: java.lang.Exception: Collision box is too big! AABB[-2.8600312650000006E7, 75.0, -88.25930510873474] -> [-20.178531940406657, 78.49859668671388, 1.2290055650000006E7] returning empty list! this might break things
[20Aug2025 00:31:00.550] [Server thread/ERROR] [VS2 Get Entities Mixin/]: java.lang.Exception: Collision box is too big! AABB[-2.8600312650000006E7, 75.0, -74.58582961869823] -> [-10.787837980780216, 78.5088048035584, 1.2290055650000006E7] returning empty list! this might break things
[20Aug2025 00:31:05.553] [Server thread/ERROR] [VS2 Get Entities Mixin/]: java.lang.Exception: Collision box is too big! AABB[-2.8600312650000006E7, 75.0, -60.94630142746675] -> [-1.287102751598669, 78.50874465394305, 1.2290055650000006E7] returning empty list! this might break things
[20Aug2025 00:31:10.583] [Server thread/ERROR] [VS2 Get Entities Mixin/]: java.lang.Exception: Collision box is too big! AABB[-2.8600312650000006E7, 75.0, -47.24725853994663] -> [8.22052981459024, 78.50876011235091, 1.2290055650000006E7] returning empty list! this might break things
[20Aug2025 00:31:15.599] [Server thread/ERROR] [VS2 Get Entities Mixin/]: java.lang.Exception: Collision box is too big! AABB[-2.8600312650000006E7, 75.0, -33.46654190059698] -> [17.792161611911844, 78.50875742191694, 1.2290055650000006E7] returning empty list! this might break things
[20Aug2025 00:31:20.606] [Server thread/ERROR] [VS2 Get Entities Mixin/]: java.lang.Exception: Collision box is too big! AABB[-2.8600312650000006E7, 75.0, -19.625774598977927] -> [27.40430225252826, 78.50875776185785, 1.2290055650000006E7] returning empty list! this might break things
[20Aug2025 00:31:25.649] [Server thread/ERROR] [VS2 Get Entities Mixin/]: java.lang.Exception: Collision box is too big! AABB[-2.8600312650000006E7, 75.0, -5.766529187518448] -> [37.0016021797162, 78.50883805747564, 1.2290055650000006E7] returning empty list! this might break things
[20Aug2025 00:31:30.649] [Server thread/ERROR] [VS2 Get Entities Mixin/]: java.lang.Exception: Collision box is too big! AABB[-2.8600312650000006E7, 75.0, 6.474978033453226] -> [45.51294328272343, 78.50866055032344, 1.2290055650000006E7] returning empty list! this might break things
[20Aug2025 00:31:35.650] [Server thread/ERROR] [VS2 Get Entities Mixin/]: java.lang.Exception: Collision box is too big! AABB[-2.8600312650000006E7, 75.0, 14.190444346796454] -> [50.88457449109248, 78.50869274674879, 1.2290055650000006E7] returning empty list! this might break things
[20Aug2025 00:31:40.655] [Server thread/ERROR] [VS2 Get Entities Mixin/]: java.lang.Exception: Collision box is too big! AABB[-2.8600312650000006E7, 75.0, 22.77230556709665] -> [57.141130858594096, 83.98476703985995, 1.2290055650000006E7] returning empty list! this might break things
[20Aug2025 00:31:43.657] [Server thread/WARN] [net.minecraft.server.level.ServerPlayerGameMode/]: Mismatch in destroy block pos: BlockPos{x=-125, y=73, z=22} BlockPos{x=-126, y=73, z=23}
[20Aug2025 00:31:45.702] [Server thread/ERROR] [VS2 Get Entities Mixin/]: java.lang.Exception: Collision box is too big! AABB[-2.8600312650000006E7, 75.0, 36.60194034902352] -> [64.50580747940532, 84.10408117650336, 1.2290055650000006E7] returning empty list! this might break things
[20Aug2025 00:31:50.750] [Server thread/ERROR] [VS2 Get Entities Mixin/]: java.lang.Exception: Collision box is too big! AABB[-2.8600312650000006E7, 75.0, 50.61031864578444] -> [73.78659552200804, 84.10462021206482, 1.2290055650000006E7] returning empty list! this might break things
[20Aug2025 00:31:55.801] [Server thread/ERROR] [VS2 Get Entities Mixin/]: java.lang.Exception: Collision box is too big! AABB[-2.8600312650000006E7, 75.0, 65.79975522939958] -> [81.28591315436638, 84.10357708095782, 1.2290055650000006E7] returning empty list! this might break things
[20Aug2025 00:32:00.851] [Server thread/ERROR] [VS2 Get Entities Mixin/]: java.lang.Exception: Collision box is too big! AABB[-2.8600312650000006E7, 75.0, 78.1631201505661] -> [87.41145185753703, 84.10473499010004, 1.2290055650000006E7] returning empty list! this might break things
[20Aug2025 00:32:05.896] [Server thread/ERROR] [VS2 Get Entities Mixin/]: java.lang.Exception: Collision box is too big! AABB[-2.8600312650000006E7, 75.0, 81.81847919277428] -> [89.23510929212354, 84.10539623074631, 1.2290055650000006E7] returning empty list! this might break things
[20Aug2025 00:32:10.902] [Server thread/ERROR] [VS2 Get Entities Mixin/]: java.lang.Exception: Collision box is too big! AABB[-2.8600312650000006E7, 75.0, 94.71711745336557] -> [88.71191319438054, 84.11473609464625, 1.2290055650000006E7] returning empty list! this might break things
[20Aug2025 00:32:15.949] [Server thread/ERROR] [VS2 Get Entities Mixin/]: java.lang.Exception: Collision box is too big! AABB[-2.8600312650000006E7, 75.0, 110.35410171224542] -> [93.91615377383565, 84.11200869503956, 1.2290055650000006E7] returning empty list! this might break things
[20Aug2025 00:32:20.955] [Server thread/ERROR] [VS2 Get Entities Mixin/]: java.lang.Exception: Collision box is too big! AABB[-2.8600312650000006E7, 75.0, 124.6021453250676] -> [102.6247151633214, 84.1097421384068, 1.2290055650000006E7] returning empty list! this might break things
[20Aug2025 00:32:24.507] [Server thread/WARN] [net.minecraft.server.level.ServerPlayerGameMode/]: Mismatch in destroy block pos: BlockPos{x=-86, y=74, z=49} BlockPos{x=-87, y=74, z=49}
[20Aug2025 00:32:24.560] [Server thread/WARN] [net.minecraft.server.level.ServerPlayerGameMode/]: Mismatch in destroy block pos: BlockPos{x=-86, y=74, z=49} BlockPos{x=-87, y=74, z=49}
[20Aug2025 00:32:24.611] [Server thread/WARN] [net.minecraft.server.level.ServerPlayerGameMode/]: Mismatch in destroy block pos: BlockPos{x=-86, y=74, z=49} BlockPos{x=-87, y=74, z=49}
[20Aug2025 00:32:25.997] [Server thread/ERROR] [VS2 Get Entities Mixin/]: java.lang.Exception: Collision box is too big! AABB[-2.8600312650000006E7, 75.0, 137.60721004349287] -> [113.60518486140778, 84.10757051677025, 1.2290055650000006E7] returning empty list! this might break things
[20Aug2025 00:32:27.307] [Server thread/WARN] [net.minecraft.server.level.ServerPlayerGameMode/]: Mismatch in destroy block pos: BlockPos{x=-85, y=75, z=43} BlockPos{x=-85, y=74, z=41}
[20Aug2025 00:32:27.570] [Server thread/WARN] [net.minecraft.server.level.ServerPlayerGameMode/]: Mismatch in destroy block pos: BlockPos{x=-85, y=75, z=43} BlockPos{x=-85, y=74, z=41}
[20Aug2025 00:32:27.620] [Server thread/WARN] [net.minecraft.server.level.ServerPlayerGameMode/]: Mismatch in destroy block pos: BlockPos{x=-85, y=75, z=43} BlockPos{x=-85, y=74, z=41}
[20Aug2025 00:32:27.654] [Server thread/WARN] [net.minecraft.server.level.ServerPlayerGameMode/]: Mismatch in destroy block pos: BlockPos{x=-85, y=75, z=43} BlockPos{x=-85, y=74, z=41}
[20Aug2025 00:32:27.708] [Server thread/WARN] [net.minecraft.server.level.ServerPlayerGameMode/]: Mismatch in destroy block pos: BlockPos{x=-85, y=75, z=43} BlockPos{x=-85, y=74, z=41}
[20Aug2025 00:32:27.758] [Server thread/WARN] [net.minecraft.server.level.ServerPlayerGameMode/]: Mismatch in destroy block pos: BlockPos{x=-85, y=75, z=43} BlockPos{x=-85, y=74, z=41}
[20Aug2025 00:32:30.999] [Server thread/ERROR] [VS2 Get Entities Mixin/]: java.lang.Exception: Collision box is too big! AABB[-2.8600312650000006E7, 75.0, 150.20085449856813] -> [124.60074432841053, 84.10788474169826, 1.2290055650000006E7] returning empty list! this might break things
[20Aug2025 00:32:36.010] [Server thread/ERROR] [VS2 Get Entities Mixin/]: java.lang.Exception: Collision box is too big! AABB[-2.8600312650000006E7, 75.0, 162.86476536002985] -> [135.6013323789094, 84.10790589525048, 1.2290055650000006E7] returning empty list! this might break things
[20Aug2025 00:32:41.049] [Server thread/ERROR] [VS2 Get Entities Mixin/]: java.lang.Exception: Collision box is too big! AABB[-2.8600312650000006E7, 75.0, 175.05378469792302] -> [147.19685423648468, 84.1077486621727, 1.2290055650000006E7] returning empty list! this might break things
[20Aug2025 00:32:46.055] [Server thread/ERROR] [VS2 Get Entities Mixin/]: java.lang.Exception: Collision box is too big! AABB[-2.8600312650000006E7, 75.0, 186.45844569769795] -> [159.50270497514418, 84.10745140811129, 1.2290055650000006E7] returning empty list! this might break things
[20Aug2025 00:32:51.103] [Server thread/ERROR] [VS2 Get Entities Mixin/]: java.lang.Exception: Collision box is too big! AABB[-2.8600312650000006E7, 75.0, 198.0422576269795] -> [171.87711435850417, 84.10750265033671, 1.2290055650000006E7] returning empty list! this might break things
[20Aug2025 00:32:56.105] [Server thread/ERROR] [VS2 Get Entities Mixin/]: java.lang.Exception: Collision box is too big! AABB[-2.8600312650000006E7, 75.0, 209.43647734453003] -> [184.02937203820434, 84.10750263956946, 1.2290055650000006E7] returning empty list! this might break things
[20Aug2025 00:33:01.108] [Server thread/ERROR] [VS2 Get Entities Mixin/]: java.lang.Exception: Collision box is too big! AABB[-2.8600312650000006E7, 75.0, 220.1930661002187] -> [196.87407605689415, 84.1111842024051, 1.2290055650000006E7] returning empty list! this might break things
[20Aug2025 00:33:06.149] [Server thread/ERROR] [VS2 Get Entities Mixin/]: java.lang.Exception: Collision box is too big! AABB[-2.8600312650000006E7, 75.0, 219.74964587390423] -> [211.07823786884546, 84.10756715444768, 1.2290055650000006E7] returning empty list! this might break things
[20Aug2025 00:33:11.156] [Server thread/ERROR] [VS2 Get Entities Mixin/]: java.lang.Exception: Collision box is too big! AABB[-2.8600312650000006E7, 75.0, 222.59380087583017] -> [219.21812856240902, 84.10319511622724, 1.2290055650000006E7] returning empty list! this might break things
[20Aug2025 00:33:16.203] [Server thread/ERROR] [VS2 Get Entities Mixin/]: java.lang.Exception: Collision box is too big! AABB[-2.8600312650000006E7, 75.0, 227.21906658876816] -> [234.28600106075803, 84.10372264452414, 1.2290055650000006E7] returning empty list! this might break things
[20Aug2025 00:33:21.249] [Server thread/ERROR] [VS2 Get Entities Mixin/]: java.lang.Exception: Collision box is too big! AABB[-2.8600312650000006E7, 75.0, 232.1226697364835] -> [250.35866943620542, 84.1037375867519, 1.2290055650000006E7] returning empty list! this might break things
[20Aug2025 00:33:26.249] [Server thread/ERROR] [VS2 Get Entities Mixin/]: java.lang.Exception: Collision box is too big! AABB[-2.8600312650000006E7, 75.0, 237.01220940295735] -> [266.3875704376439, 84.10373866295173, 1.2290055650000006E7] returning empty list! this might break things
[20Aug2025 00:33:31.250] [Server thread/ERROR] [VS2 Get Entities Mixin/]: java.lang.Exception: Collision box is too big! AABB[-2.8600312650000006E7, 75.0, 241.90583798159042] -> [282.429970998917, 84.10373877317404, 1.2290055650000006E7] returning empty list! this might break things
[20Aug2025 00:33:36.303] [Server thread/ERROR] [VS2 Get Entities Mixin/]: java.lang.Exception: Collision box is too big! AABB[-2.8600312650000006E7, 75.0, 244.7536525411251] -> [299.12037382310353, 84.10283706526879, 1.2290055650000006E7] returning empty list! this might break things
[20Aug2025 00:33:41.352] [Server thread/ERROR] [VS2 Get Entities Mixin/]: java.lang.Exception: Collision box is too big! AABB[-2.8600312650000006E7, 75.0, 241.87993518488938] -> [315.93375662361586, 84.09886080843513, 1.2290055650000006E7] returning empty list! this might break things
[20Aug2025 00:33:46.400] [Server thread/ERROR] [VS2 Get Entities Mixin/]: java.lang.Exception: Collision box is too big! AABB[-2.8600312650000006E7, 75.0, 236.84765053466046] -> [332.146082091488, 83.46881881355867, 1.2290055650000006E7] returning empty list! this might break things
[20Aug2025 00:33:51.446] [Server thread/ERROR] [VS2 Get Entities Mixin/]: java.lang.Exception: Collision box is too big! AABB[-2.8600312650000006E7, 73.34666375913187, 232.11632596447603] -> [348.364233341641, 75.30000001192093, 1.2290055650000006E7] returning empty list! this might break things
[20Aug2025 00:33:56.450] [Server thread/ERROR] [VS2 Get Entities Mixin/]: java.lang.Exception: Collision box is too big! AABB[-2.8600312650000006E7, 66.0007598389137, 228.8467863847913] -> [359.6516041815789, 75.30000001192093, 1.2290055650000006E7] returning empty list! this might break things
[20Aug2025 00:34:01.495] [Server thread/ERROR] [VS2 Get Entities Mixin/]: java.lang.Exception: Collision box is too big! AABB[-2.8600312650000006E7, 68.58992384693694, 235.7543286550619] -> [363.26745587416406, 75.30000001192093, 1.2290055650000006E7] returning empty list! this might break things
[20Aug2025 00:34:06.499] [Server thread/ERROR] [VS2 Get Entities Mixin/]: java.lang.Exception: Collision box is too big! AABB[-2.8600312650000006E7, 69.35381648726201, 243.78849564223617] -> [376.2934956771544, 75.30000001192093, 1.2290055650000006E7] returning empty list! this might break things
[20Aug2025 00:34:11.548] [Server thread/ERROR] [VS2 Get Entities Mixin/]: java.lang.Exception: Collision box is too big! AABB[-2.8600312650000006E7, 69.39562119602083, 253.72326252158987] -> [389.67261260037736, 75.30000001192093, 1.2290055650000006E7] returning empty list! this might break things
[20Aug2025 00:34:16.553] [Server thread/ERROR] [VS2 Get Entities Mixin/]: java.lang.Exception: Collision box is too big! AABB[-2.8600312650000006E7, 69.39575365146293, 264.39182749312624] -> [402.5830224197121, 75.30000001192093, 1.2290055650000006E7] returning empty list! this might break things
[20Aug2025 00:34:18.803] [Server thread/WARN] [net.minecraft.server.level.ServerPlayerGameMode/]: Mismatch in destroy block pos: BlockPos{x=-86, y=74, z=-81} BlockPos{x=-86, y=73, z=-80}
[20Aug2025 00:34:21.600] [Server thread/ERROR] [VS2 Get Entities Mixin/]: java.lang.Exception: Collision box is too big! AABB[-2.8600312650000006E7, 69.56334952636111, 272.9053167924285] -> [412.0534251425415, 75.30000001192093, 1.2290055650000006E7] returning empty list! this might break things
[20Aug2025 00:34:26.646] [Server thread/ERROR] [VS2 Get Entities Mixin/]: java.lang.Exception: Collision box is too big! AABB[-2.8600312650000006E7, 75.0, 276.48775236198134] -> [414.3279693422175, 82.85596770275725, 1.2290055650000006E7] returning empty list! this might break things
[20Aug2025 00:34:31.694] [Server thread/ERROR] [VS2 Get Entities Mixin/]: java.lang.Exception: Collision box is too big! AABB[-2.8600312650000006E7, 75.0, 285.2009217472601] -> [426.3366649123639, 86.07273606568535, 1.2290055650000006E7] returning empty list! this might break things
[20Aug2025 00:34:36.696] [Server thread/ERROR] [VS2 Get Entities Mixin/]: java.lang.Exception: Collision box is too big! AABB[-2.8600312650000006E7, 75.0, 293.9450978928062] -> [440.2245438974072, 86.07287707413379, 1.2290055650000006E7] returning empty list! this might break things
[20Aug2025 00:34:41.704] [Server thread/ERROR] [VS2 Get Entities Mixin/]: java.lang.Exception: Collision box is too big! AABB[-2.8600312650000006E7, 75.0, 302.816196538937] -> [454.42499482913377, 86.0730111578523, 1.2290055650000006E7] returning empty list! this might break things
[20Aug2025 00:34:46.746] [Server thread/ERROR] [VS2 Get Entities Mixin/]: java.lang.Exception: Collision box is too big! AABB[-2.8600312650000006E7, 75.0, 311.8087248955319] -> [468.7751995626197, 86.07302431852362, 1.2290055650000006E7] returning empty list! this might break things
[20Aug2025 00:34:51.752] [Server thread/ERROR] [VS2 Get Entities Mixin/]: java.lang.Exception: Collision box is too big! AABB[-2.8600312650000006E7, 75.0, 318.0648167770709] -> [484.4039913454348, 86.07238187823984, 1.2290055650000006E7] returning empty list! this might break things
[20Aug2025 00:34:56.804] [Server thread/ERROR] [VS2 Get Entities Mixin/]: java.lang.Exception: Collision box is too big! AABB[-2.8600312650000006E7, 75.0, 323.50340840171714] -> [500.3508423224408, 86.07199153047459, 1.2290055650000006E7] returning empty list! this might break things
[20Aug2025 00:35:01.851] [Server thread/ERROR] [VS2 Get Entities Mixin/]: java.lang.Exception: Collision box is too big! AABB[-2.8600312650000006E7, 75.0, 322.9467920415352] -> [517.3939745045735, 86.0731685344731, 1.2290055650000006E7] returning empty list! this might break things
[20Aug2025 00:35:06.854] [Server thread/ERROR] [VS2 Get Entities Mixin/]: java.lang.Exception: Collision box is too big! AABB[-2.8600312650000006E7, 75.0, 319.9349028058819] -> [533.8190791251847, 87.6134948115224, 1.2290055650000006E7] returning empty list! this might break things
[20Aug2025 00:35:11.901] [Server thread/ERROR] [VS2 Get Entities Mixin/]: java.lang.Exception: Collision box is too big! AABB[-2.8600312650000006E7, 75.0, 317.1146787829946] -> [550.4708193551286, 87.9209250103721, 1.2290055650000006E7] returning empty list! this might break things
[20Aug2025 00:35:16.904] [Server thread/ERROR] [VS2 Get Entities Mixin/]: java.lang.Exception: Collision box is too big! AABB[-2.8600312650000006E7, 75.0, 310.068491359825] -> [565.8685234236999, 90.50579665876067, 1.2290055650000006E7] returning empty list! this might break things
[20Aug2025 00:35:21.908] [Server thread/ERROR] [VS2 Get Entities Mixin/]: java.lang.Exception: Collision box is too big! AABB[-2.8600312650000006E7, 75.0, 302.4676036402832] -> [580.8948017928286, 91.61701314172247, 1.2290055650000006E7] returning empty list! this might break things
[20Aug2025 00:35:26.950] [Server thread/ERROR] [VS2 Get Entities Mixin/]: java.lang.Exception: Collision box is too big! AABB[-2.8600312650000006E7, 75.0, 295.0223481670271] -> [595.8017669628842, 91.61715281318669, 1.2290055650000006E7] returning empty list! this might break things
[20Aug2025 00:35:31.955] [Server thread/ERROR] [VS2 Get Entities Mixin/]: java.lang.Exception: Collision box is too big! AABB[-2.8600312650000006E7, 75.0, 284.2592117934335] -> [608.7186897812461, 92.1540205366795, 1.2290055650000006E7] returning empty list! this might break things
[20Aug2025 00:35:37.001] [Server thread/ERROR] [VS2 Get Entities Mixin/]: java.lang.Exception: Collision box is too big! AABB[-2.8600312650000006E7, 75.0, 273.18344992206016] -> [621.574258099653, 97.17515099902954, 1.2290055650000006E7] returning empty list! this might break things
[20Aug2025 00:35:42.003] [Server thread/ERROR] [VS2 Get Entities Mixin/]: java.lang.Exception: Collision box is too big! AABB[-2.8600312650000006E7, 75.0, 262.23904050572867] -> [633.2893721936675, 100.92065326972231, 1.2290055650000006E7] returning empty list! this might break things
[20Aug2025 00:35:47.053] [Server thread/ERROR] [VS2 Get Entities Mixin/]: java.lang.Exception: Collision box is too big! AABB[-2.8600312650000006E7, 75.0, 252.22070203754916] -> [642.4512239016315, 99.75623325269987, 1.2290055650000006E7] returning empty list! this might break things
[20Aug2025 00:35:52.102] [Server thread/ERROR] [VS2 Get Entities Mixin/]: java.lang.Exception: Collision box is too big! AABB[-2.8600312650000006E7, 75.0, 256.35098461239335] -> [647.4685205910987, 99.85795287084636, 1.2290055650000006E7] returning empty list! this might break things
[20Aug2025 00:35:57.110] [Server thread/ERROR] [VS2 Get Entities Mixin/]: java.lang.Exception: Collision box is too big! AABB[-2.8600312625E7, 74.82500000298023, 255.39666890352964] -> [645.7637405898422, 100.04638144872659, 1.2290056625E7] returning empty list! this might break things
[20Aug2025 00:36:50.759] [Server thread/INFO] [net.minecraft.server.MinecraftServer/]: Luquita23 has made the advancement [First Trade]
[20Aug2025 00:36:50.759] [Server thread/INFO] [net.minecraft.server.MinecraftServer/]: Luquita23 has made the advancement [Ace Trainer]
[20Aug2025 00:36:50.759] [Server thread/INFO] [net.minecraft.server.MinecraftServer/]: Luquita23 has made the advancement [What a Deal!]
[20Aug2025 00:42:48.855] [Server thread/WARN] [net.minecraft.server.level.ServerPlayerGameMode/]: Mismatch in destroy block pos: BlockPos{x=-138, y=72, z=-31} BlockPos{x=-138, y=71, z=-32}
[20Aug2025 00:42:49.810] [Server thread/WARN] [net.minecraft.server.level.ServerPlayerGameMode/]: Mismatch in destroy block pos: BlockPos{x=-142, y=72, z=-29} BlockPos{x=-143, y=71, z=-29}
[20Aug2025 00:42:49.856] [Server thread/WARN] [net.minecraft.server.level.ServerPlayerGameMode/]: Mismatch in destroy block pos: BlockPos{x=-142, y=72, z=-29} BlockPos{x=-143, y=71, z=-29}
[20Aug2025 00:42:52.753] [Server thread/WARN] [net.minecraft.server.level.ServerPlayerGameMode/]: Mismatch in destroy block pos: BlockPos{x=-138, y=71, z=-26} BlockPos{x=-136, y=70, z=-27}
[20Aug2025 00:42:54.502] [Server thread/WARN] [net.minecraft.server.level.ServerPlayerGameMode/]: Mismatch in destroy block pos: BlockPos{x=-138, y=72, z=-24} BlockPos{x=-138, y=71, z=-23}
[20Aug2025 00:42:55.603] [Server thread/WARN] [net.minecraft.server.level.ServerPlayerGameMode/]: Mismatch in destroy block pos: BlockPos{x=-140, y=72, z=-25} BlockPos{x=-139, y=71, z=-24}
[20Aug2025 00:42:55.656] [Server thread/WARN] [net.minecraft.server.level.ServerPlayerGameMode/]: Mismatch in destroy block pos: BlockPos{x=-140, y=72, z=-25} BlockPos{x=-139, y=71, z=-24}
[20Aug2025 00:42:55.704] [Server thread/WARN] [net.minecraft.server.level.ServerPlayerGameMode/]: Mismatch in destroy block pos: BlockPos{x=-140, y=72, z=-25} BlockPos{x=-139, y=71, z=-24}
[20Aug2025 00:45:39.802] [Server thread/WARN] [net.minecraft.server.level.ServerPlayerGameMode/]: Mismatch in destroy block pos: BlockPos{x=-69, y=73, z=-70} BlockPos{x=-69, y=72, z=-70}
[20Aug2025 00:45:39.855] [Server thread/WARN] [net.minecraft.server.level.ServerPlayerGameMode/]: Mismatch in destroy block pos: BlockPos{x=-69, y=73, z=-70} BlockPos{x=-69, y=72, z=-70}
[20Aug2025 00:45:39.914] [Server thread/WARN] [net.minecraft.server.level.ServerPlayerGameMode/]: Mismatch in destroy block pos: BlockPos{x=-69, y=73, z=-70} BlockPos{x=-69, y=72, z=-70}
[20Aug2025 00:45:39.955] [Server thread/WARN] [net.minecraft.server.level.ServerPlayerGameMode/]: Mismatch in destroy block pos: BlockPos{x=-69, y=73, z=-70} BlockPos{x=-69, y=72, z=-70}
[20Aug2025 00:45:47.203] [Server thread/WARN] [net.minecraft.server.level.ServerPlayerGameMode/]: Mismatch in destroy block pos: BlockPos{x=-66, y=74, z=-61} BlockPos{x=-65, y=73, z=-61}
[20Aug2025 00:46:03.804] [Server thread/WARN] [net.minecraft.server.level.ServerPlayerGameMode/]: Mismatch in destroy block pos: BlockPos{x=-64, y=71, z=-57} BlockPos{x=-64, y=70, z=-56}
[20Aug2025 00:46:12.707] [Server thread/WARN] [net.minecraft.server.level.ServerPlayerGameMode/]: Mismatch in destroy block pos: BlockPos{x=-65, y=68, z=-58} BlockPos{x=-68, y=67, z=-57}
[20Aug2025 00:46:12.758] [Server thread/WARN] [net.minecraft.server.level.ServerPlayerGameMode/]: Mismatch in destroy block pos: BlockPos{x=-65, y=68, z=-58} BlockPos{x=-68, y=67, z=-57}
[20Aug2025 00:46:12.806] [Server thread/WARN] [net.minecraft.server.level.ServerPlayerGameMode/]: Mismatch in destroy block pos: BlockPos{x=-65, y=68, z=-58} BlockPos{x=-68, y=67, z=-57}
[20Aug2025 00:46:12.857] [Server thread/WARN] [net.minecraft.server.level.ServerPlayerGameMode/]: Mismatch in destroy block pos: BlockPos{x=-65, y=68, z=-58} BlockPos{x=-68, y=67, z=-57}
[20Aug2025 00:49:55.653] [Server thread/WARN] [net.minecraft.server.level.ServerPlayerGameMode/]: Mismatch in destroy block pos: BlockPos{x=-76, y=64, z=-100} BlockPos{x=-36, y=73, z=-15}
[20Aug2025 00:54:24.753] [Server thread/WARN] [net.minecraft.server.level.ServerPlayerGameMode/]: Mismatch in destroy block pos: BlockPos{x=-129, y=72, z=44} BlockPos{x=-129, y=71, z=41}
[20Aug2025 00:54:24.807] [Server thread/WARN] [net.minecraft.server.level.ServerPlayerGameMode/]: Mismatch in destroy block pos: BlockPos{x=-129, y=72, z=44} BlockPos{x=-129, y=71, z=41}
[20Aug2025 00:54:24.857] [Server thread/WARN] [net.minecraft.server.level.ServerPlayerGameMode/]: Mismatch in destroy block pos: BlockPos{x=-129, y=72, z=45} BlockPos{x=-129, y=71, z=41}
[20Aug2025 00:54:24.904] [Server thread/WARN] [net.minecraft.server.level.ServerPlayerGameMode/]: Mismatch in destroy block pos: BlockPos{x=-129, y=72, z=45} BlockPos{x=-129, y=71, z=41}
[20Aug2025 00:57:31.555] [Server thread/WARN] [net.minecraft.server.level.ServerPlayerGameMode/]: Mismatch in destroy block pos: BlockPos{x=-142, y=70, z=23} BlockPos{x=-138, y=69, z=22}
[20Aug2025 00:57:31.613] [Server thread/WARN] [net.minecraft.server.level.ServerPlayerGameMode/]: Mismatch in destroy block pos: BlockPos{x=-142, y=70, z=23} BlockPos{x=-138, y=69, z=22}
[20Aug2025 00:57:31.658] [Server thread/WARN] [net.minecraft.server.level.ServerPlayerGameMode/]: Mismatch in destroy block pos: BlockPos{x=-142, y=70, z=23} BlockPos{x=-138, y=69, z=22}
[20Aug2025 00:57:31.705] [Server thread/WARN] [net.minecraft.server.level.ServerPlayerGameMode/]: Mismatch in destroy block pos: BlockPos{x=-142, y=70, z=23} BlockPos{x=-138, y=69, z=22}
[20Aug2025 00:57:31.755] [Server thread/WARN] [net.minecraft.server.level.ServerPlayerGameMode/]: Mismatch in destroy block pos: BlockPos{x=-142, y=70, z=23} BlockPos{x=-138, y=69, z=22}
[20Aug2025 00:57:31.804] [Server thread/WARN] [net.minecraft.server.level.ServerPlayerGameMode/]: Mismatch in destroy block pos: BlockPos{x=-142, y=70, z=23} BlockPos{x=-138, y=69, z=22}
[20Aug2025 00:57:31.854] [Server thread/WARN] [net.minecraft.server.level.ServerPlayerGameMode/]: Mismatch in destroy block pos: BlockPos{x=-142, y=70, z=23} BlockPos{x=-138, y=69, z=22}
[20Aug2025 00:58:18.257] [Server thread/WARN] [net.minecraft.server.level.ServerPlayerGameMode/]: Mismatch in destroy block pos: BlockPos{x=-139, y=67, z=21} BlockPos{x=-139, y=65, z=21}
[20Aug2025 01:01:28.848] [Server thread/INFO] [net.minecraft.server.network.ServerGamePacketListenerImpl/]: Morangg lost connection: Timed out
[20Aug2025 01:01:28.849] [Server thread/INFO] [net.minecraft.server.MinecraftServer/]: Morangg left the game
[20Aug2025 01:01:49.253] [Server thread/WARN] [net.minecraft.server.level.ServerPlayerGameMode/]: Mismatch in destroy block pos: BlockPos{x=-144, y=67, z=1} BlockPos{x=-146, y=65, z=9}
[20Aug2025 01:01:49.310] [Server thread/WARN] [net.minecraft.server.level.ServerPlayerGameMode/]: Mismatch in destroy block pos: BlockPos{x=-144, y=67, z=1} BlockPos{x=-146, y=65, z=9}
[20Aug2025 01:02:01.805] [Server thread/WARN] [net.minecraft.server.level.ServerPlayerGameMode/]: Mismatch in destroy block pos: BlockPos{x=-137, y=66, z=31} BlockPos{x=-144, y=66, z=32}
[20Aug2025 01:02:01.857] [Server thread/WARN] [net.minecraft.server.level.ServerPlayerGameMode/]: Mismatch in destroy block pos: BlockPos{x=-137, y=66, z=31} BlockPos{x=-144, y=66, z=32}
[20Aug2025 01:02:02.013] [Server thread/WARN] [net.minecraft.server.level.ServerPlayerGameMode/]: Mismatch in destroy block pos: BlockPos{x=-137, y=66, z=31} BlockPos{x=-144, y=66, z=32}
[20Aug2025 01:09:55.529] [Server thread/WARN] [net.minecraft.server.level.ServerPlayerGameMode/]: Mismatch in destroy block pos: BlockPos{x=-106, y=70, z=-94} BlockPos{x=-106, y=70, z=-93}
[20Aug2025 01:09:55.603] [Server thread/WARN] [net.minecraft.server.level.ServerPlayerGameMode/]: Mismatch in destroy block pos: BlockPos{x=-106, y=70, z=-94} BlockPos{x=-106, y=70, z=-93}
[20Aug2025 01:09:55.630] [Server thread/WARN] [net.minecraft.server.level.ServerPlayerGameMode/]: Mismatch in destroy block pos: BlockPos{x=-106, y=70, z=-94} BlockPos{x=-106, y=70, z=-93}
[20Aug2025 01:09:55.680] [Server thread/WARN] [net.minecraft.server.level.ServerPlayerGameMode/]: Mismatch in destroy block pos: BlockPos{x=-106, y=70, z=-94} BlockPos{x=-106, y=70, z=-93}
[20Aug2025 01:09:55.728] [Server thread/WARN] [net.minecraft.server.level.ServerPlayerGameMode/]: Mismatch in destroy block pos: BlockPos{x=-106, y=70, z=-94} BlockPos{x=-106, y=70, z=-93}
[20Aug2025 01:09:55.778] [Server thread/WARN] [net.minecraft.server.level.ServerPlayerGameMode/]: Mismatch in destroy block pos: BlockPos{x=-106, y=70, z=-94} BlockPos{x=-106, y=70, z=-93}
[20Aug2025 01:09:55.853] [Server thread/WARN] [net.minecraft.server.level.ServerPlayerGameMode/]: Mismatch in destroy block pos: BlockPos{x=-106, y=70, z=-94} BlockPos{x=-106, y=70, z=-93}
[20Aug2025 01:09:55.878] [Server thread/WARN] [net.minecraft.server.level.ServerPlayerGameMode/]: Mismatch in destroy block pos: BlockPos{x=-106, y=70, z=-94} BlockPos{x=-106, y=70, z=-93}
[20Aug2025 01:10:40.726] [Server thread/WARN] [net.minecraft.server.level.ServerPlayerGameMode/]: Mismatch in destroy block pos: BlockPos{x=-135, y=70, z=-47} BlockPos{x=-133, y=70, z=-47}
